<?xml version="1.0" encoding="UTF-8"?>
<!-- Generated by org.testng.reporters.JUnitReportReporter -->
<testsuite hostname="DESKTOP-TSQ3Q8K" failures="0" tests="1" name="Practice.OrganisationTable" time="30.593" errors="0" timestamp="2021-09-07T22:31:04 IST" skipped="0">
  <testcase classname="Practice.OrganisationTable" name="organisationTable" time="30.593"/>
  <system-out/>
</testsuite> <!-- Practice.OrganisationTable -->
