<?xml version="1.0" encoding="UTF-8"?>
<!-- Generated by org.testng.reporters.JUnitReportReporter -->
<testsuite hostname="DESKTOP-TSQ3Q8K" failures="0" tests="1" name="Practice.TC_05_CreateLead" time="74.924" errors="0" timestamp="2021-09-09T20:46:09 IST" skipped="0">
  <testcase classname="Practice.TC_05_CreateLead" name="createProductsWithPartnumberTest" time="74.924"/>
  <system-out/>
</testsuite> <!-- Practice.TC_05_CreateLead -->
