<?xml version="1.0" encoding="UTF-8"?>
<!-- Generated by org.testng.reporters.JUnitReportReporter -->
<testsuite hostname="DESKTOP-TSQ3Q8K" failures="0" tests="1" name="com.vtiger.Altern.Organisation.TC_05_Notify_Owner_Select_Option_Is_Enabled_Or_Not" time="27.293" errors="0" timestamp="2021-09-17T14:30:30 IST" skipped="0">
  <testcase classname="com.vtiger.Altern.Organisation.TC_05_Notify_Owner_Select_Option_Is_Enabled_Or_Not" name="TC_05_Notify_Owner_Select_Option_Is_Enabled_Or_NotTest" time="27.293"/>
  <system-out/>
</testsuite> <!-- com.vtiger.Altern.Organisation.TC_05_Notify_Owner_Select_Option_Is_Enabled_Or_Not -->
