<?xml version="1.0" encoding="UTF-8"?>
<!-- Generated by org.testng.reporters.JUnitReportReporter -->
<testsuite hostname="DESKTOP-TSQ3Q8K" failures="0" tests="1" name="Practice.TC_01_CreateContactWithOrganizationTest" time="50.273" errors="0" timestamp="2021-09-08T19:47:57 IST" skipped="0">
  <testcase classname="Practice.TC_01_CreateContactWithOrganizationTest" name="createContactWthOrgTest" time="50.273"/>
  <system-out/>
</testsuite> <!-- Practice.TC_01_CreateContactWithOrganizationTest -->
