<?xml version="1.0" encoding="UTF-8"?>
<!-- Generated by org.testng.reporters.JUnitReportReporter -->
<testsuite hostname="DESKTOP-TSQ3Q8K" failures="0" tests="1" name="Practice.ReadFromXML" time="0.033" errors="0" timestamp="2021-09-07T15:13:33 IST" skipped="0">
  <testcase classname="Practice.ReadFromXML" name="readdatafromXML" time="0.033"/>
  <system-out/>
</testsuite> <!-- Practice.ReadFromXML -->
