<?xml version="1.0" encoding="UTF-8"?>
<!-- Generated by org.testng.reporters.JUnitReportReporter -->
<testsuite hostname="DESKTOP-TSQ3Q8K" failures="0" tests="1" name="Practice.TC_03_CreateContactWithOrganizationTest" time="27.599" errors="0" timestamp="2021-09-08T23:44:05 IST" skipped="0">
  <testcase classname="Practice.TC_03_CreateContactWithOrganizationTest" name="createContactWthOrgTest" time="27.599"/>
  <system-out/>
</testsuite> <!-- Practice.TC_03_CreateContactWithOrganizationTest -->
