<?xml version="1.0" encoding="UTF-8"?>
<!-- Generated by org.testng.reporters.JUnitReportReporter -->
<testsuite hostname="DESKTOP-TSQ3Q8K" failures="0" tests="1" name="Practice.TC_02_CreateContactWithOrganizationTest" time="27.592" errors="0" timestamp="2021-09-08T23:14:46 IST" skipped="0">
  <testcase classname="Practice.TC_02_CreateContactWithOrganizationTest" name="createContactWthOrgTest" time="27.592"/>
  <system-out/>
</testsuite> <!-- Practice.TC_02_CreateContactWithOrganizationTest -->
