<?xml version="1.0" encoding="UTF-8"?>
<!-- Generated by org.testng.reporters.JUnitReportReporter -->
<testsuite hostname="DESKTOP-TSQ3Q8K" failures="0" tests="1" name="com.vtiger.Altern.Organisation.TC_04_CreateOrganisationWithNotifyOwner" time="116.632" errors="0" timestamp="2021-09-23T13:26:50 IST" skipped="0">
  <testcase classname="com.vtiger.Altern.Organisation.TC_04_CreateOrganisationWithNotifyOwner" name="CreateOrganisationWithNotifyOwnerTest" time="116.632"/>
  <system-out/>
</testsuite> <!-- com.vtiger.Altern.Organisation.TC_04_CreateOrganisationWithNotifyOwner -->
